<?xml version="1.0" encoding="UTF-8"?>
<testsuite xmlns:xsi="http://www.w3.org/2001/XMLSchema-instance" xsi:noNamespaceSchemaLocation="https://maven.apache.org/surefire/maven-surefire-plugin/xsd/surefire-test-report.xsd" name="top.lixiang007.AppTest" time="0.101" tests="1" errors="0" skipped="0" failures="0">
  <properties>
    <property name="gopherProxySet" value="false"/>
    <property name="awt.toolkit" value="sun.lwawt.macosx.LWCToolkit"/>
    <property name="socksProxyHost" value="127.0.0.1"/>
    <property name="http.proxyHost" value="127.0.0.1"/>
    <property name="java.specification.version" value="1.8"/>
    <property name="file.encoding.pkg" value="sun.io"/>
    <property name="sun.cpu.isalist" value=""/>
    <property name="sun.jnu.encoding" value="UTF-8"/>
    <property name="java.class.path" value="/Users/lixiang/IdeaProjects/e_commerce/taotao-manager/taotao-manager-pojo/target/test-classes:/Users/lixiang/IdeaProjects/e_commerce/taotao-manager/taotao-manager-pojo/target/classes:/Users/lixiang/.m2/repository/top/lixiang007/taotao-common/1.0-SNAPSHOT/taotao-common-1.0-SNAPSHOT.jar:/Users/lixiang/.m2/repository/javax/servlet/jstl/1.0.2/jstl-1.0.2.jar:/Users/lixiang/.m2/repository/taglibs/standard/1.0.4/standard-1.0.4.jar:/Users/lixiang/.m2/repository/xalan/xalan/2.6.0/xalan-2.6.0.jar:/Users/lixiang/.m2/repository/xml-apis/xml-apis/1.0.b2/xml-apis-1.0.b2.jar:/Users/lixiang/.m2/repository/joda-time/joda-time/2.5/joda-time-2.5.jar:/Users/lixiang/.m2/repository/org/apache/commons/commons-lang3/3.3.2/commons-lang3-3.3.2.jar:/Users/lixiang/.m2/repository/commons-io/commons-io/1.3.2/commons-io-1.3.2.jar:/Users/lixiang/.m2/repository/commons-net/commons-net/3.3/commons-net-3.3.jar:/Users/lixiang/.m2/repository/com/fasterxml/jackson/core/jackson-databind/2.4.2/jackson-databind-2.4.2.jar:/Users/lixiang/.m2/repository/com/fasterxml/jackson/core/jackson-annotations/2.4.0/jackson-annotations-2.4.0.jar:/Users/lixiang/.m2/repository/com/fasterxml/jackson/core/jackson-core/2.4.2/jackson-core-2.4.2.jar:/Users/lixiang/.m2/repository/org/apache/httpcomponents/httpclient/4.3.5/httpclient-4.3.5.jar:/Users/lixiang/.m2/repository/org/apache/httpcomponents/httpcore/4.3.2/httpcore-4.3.2.jar:/Users/lixiang/.m2/repository/commons-logging/commons-logging/1.1.3/commons-logging-1.1.3.jar:/Users/lixiang/.m2/repository/commons-codec/commons-codec/1.6/commons-codec-1.6.jar:/Users/lixiang/.m2/repository/org/quartz-scheduler/quartz/2.2.2/quartz-2.2.2.jar:/Users/lixiang/.m2/repository/c3p0/c3p0/0.9.1.1/c3p0-0.9.1.1.jar:/Users/lixiang/.m2/repository/org/slf4j/slf4j-api/1.7.7/slf4j-api-1.7.7.jar:/Users/lixiang/.m2/repository/org/slf4j/slf4j-log4j12/1.6.4/slf4j-log4j12-1.6.4.jar:/Users/lixiang/.m2/repository/log4j/log4j/1.2.16/log4j-1.2.16.jar:/Users/lixiang/.m2/repository/cn/bestwu/fastdfs-client-java/1.27/fastdfs-client-java-1.27.jar:/Users/lixiang/.m2/repository/junit/junit/4.12/junit-4.12.jar:/Users/lixiang/.m2/repository/org/hamcrest/hamcrest-core/1.3/hamcrest-core-1.3.jar:"/>
    <property name="https.proxyPort" value="7890"/>
    <property name="java.vm.vendor" value="Oracle Corporation"/>
    <property name="sun.arch.data.model" value="64"/>
    <property name="java.vendor.url" value="http://java.oracle.com/"/>
    <property name="user.timezone" value="Asia/Shanghai"/>
    <property name="java.vm.specification.version" value="1.8"/>
    <property name="os.name" value="Mac OS X"/>
    <property name="user.country" value="CN"/>
    <property name="sun.java.launcher" value="SUN_STANDARD"/>
    <property name="sun.boot.library.path" value="/Library/Java/JavaVirtualMachines/jdk1.8.0_40.jdk/Contents/Home/jre/lib"/>
    <property name="sun.java.command" value="/Users/lixiang/IdeaProjects/e_commerce/taotao-manager/taotao-manager-pojo/target/surefire/surefirebooter6524480098232826855.jar /Users/lixiang/IdeaProjects/e_commerce/taotao-manager/taotao-manager-pojo/target/surefire 2021-09-02T11-33-51_104-jvmRun1 surefire5021100917588294372tmp surefire_07843997770932416623tmp"/>
    <property name="http.nonProxyHosts" value="192.168.0.0/16|*.192.168.0.0/16|10.0.0.0/8|*.10.0.0.0/8|172.16.0.0/12|*.172.16.0.0/12|127.0.0.1|localhost|*.localhost|local|*.local|timestamp.apple.com|*.timestamp.apple.com"/>
    <property name="surefire.test.class.path" value="/Users/lixiang/IdeaProjects/e_commerce/taotao-manager/taotao-manager-pojo/target/test-classes:/Users/lixiang/IdeaProjects/e_commerce/taotao-manager/taotao-manager-pojo/target/classes:/Users/lixiang/.m2/repository/top/lixiang007/taotao-common/1.0-SNAPSHOT/taotao-common-1.0-SNAPSHOT.jar:/Users/lixiang/.m2/repository/javax/servlet/jstl/1.0.2/jstl-1.0.2.jar:/Users/lixiang/.m2/repository/taglibs/standard/1.0.4/standard-1.0.4.jar:/Users/lixiang/.m2/repository/xalan/xalan/2.6.0/xalan-2.6.0.jar:/Users/lixiang/.m2/repository/xml-apis/xml-apis/1.0.b2/xml-apis-1.0.b2.jar:/Users/lixiang/.m2/repository/joda-time/joda-time/2.5/joda-time-2.5.jar:/Users/lixiang/.m2/repository/org/apache/commons/commons-lang3/3.3.2/commons-lang3-3.3.2.jar:/Users/lixiang/.m2/repository/commons-io/commons-io/1.3.2/commons-io-1.3.2.jar:/Users/lixiang/.m2/repository/commons-net/commons-net/3.3/commons-net-3.3.jar:/Users/lixiang/.m2/repository/com/fasterxml/jackson/core/jackson-databind/2.4.2/jackson-databind-2.4.2.jar:/Users/lixiang/.m2/repository/com/fasterxml/jackson/core/jackson-annotations/2.4.0/jackson-annotations-2.4.0.jar:/Users/lixiang/.m2/repository/com/fasterxml/jackson/core/jackson-core/2.4.2/jackson-core-2.4.2.jar:/Users/lixiang/.m2/repository/org/apache/httpcomponents/httpclient/4.3.5/httpclient-4.3.5.jar:/Users/lixiang/.m2/repository/org/apache/httpcomponents/httpcore/4.3.2/httpcore-4.3.2.jar:/Users/lixiang/.m2/repository/commons-logging/commons-logging/1.1.3/commons-logging-1.1.3.jar:/Users/lixiang/.m2/repository/commons-codec/commons-codec/1.6/commons-codec-1.6.jar:/Users/lixiang/.m2/repository/org/quartz-scheduler/quartz/2.2.2/quartz-2.2.2.jar:/Users/lixiang/.m2/repository/c3p0/c3p0/0.9.1.1/c3p0-0.9.1.1.jar:/Users/lixiang/.m2/repository/org/slf4j/slf4j-api/1.7.7/slf4j-api-1.7.7.jar:/Users/lixiang/.m2/repository/org/slf4j/slf4j-log4j12/1.6.4/slf4j-log4j12-1.6.4.jar:/Users/lixiang/.m2/repository/log4j/log4j/1.2.16/log4j-1.2.16.jar:/Users/lixiang/.m2/repository/cn/bestwu/fastdfs-client-java/1.27/fastdfs-client-java-1.27.jar:/Users/lixiang/.m2/repository/junit/junit/4.12/junit-4.12.jar:/Users/lixiang/.m2/repository/org/hamcrest/hamcrest-core/1.3/hamcrest-core-1.3.jar:"/>
    <property name="sun.cpu.endian" value="little"/>
    <property name="user.home" value="/Users/lixiang"/>
    <property name="user.language" value="zh"/>
    <property name="java.specification.vendor" value="Oracle Corporation"/>
    <property name="java.home" value="/Library/Java/JavaVirtualMachines/jdk1.8.0_40.jdk/Contents/Home/jre"/>
    <property name="basedir" value="/Users/lixiang/IdeaProjects/e_commerce/taotao-manager/taotao-manager-pojo"/>
    <property name="https.proxyHost" value="127.0.0.1"/>
    <property name="file.separator" value="/"/>
    <property name="line.separator" value="&#10;"/>
    <property name="java.vm.specification.vendor" value="Oracle Corporation"/>
    <property name="java.specification.name" value="Java Platform API Specification"/>
    <property name="java.awt.graphicsenv" value="sun.awt.CGraphicsEnvironment"/>
    <property name="surefire.real.class.path" value="/Users/lixiang/IdeaProjects/e_commerce/taotao-manager/taotao-manager-pojo/target/surefire/surefirebooter6524480098232826855.jar"/>
    <property name="sun.boot.class.path" value="/Library/Java/JavaVirtualMachines/jdk1.8.0_40.jdk/Contents/Home/jre/lib/resources.jar:/Library/Java/JavaVirtualMachines/jdk1.8.0_40.jdk/Contents/Home/jre/lib/rt.jar:/Library/Java/JavaVirtualMachines/jdk1.8.0_40.jdk/Contents/Home/jre/lib/sunrsasign.jar:/Library/Java/JavaVirtualMachines/jdk1.8.0_40.jdk/Contents/Home/jre/lib/jsse.jar:/Library/Java/JavaVirtualMachines/jdk1.8.0_40.jdk/Contents/Home/jre/lib/jce.jar:/Library/Java/JavaVirtualMachines/jdk1.8.0_40.jdk/Contents/Home/jre/lib/charsets.jar:/Library/Java/JavaVirtualMachines/jdk1.8.0_40.jdk/Contents/Home/jre/lib/jfr.jar:/Library/Java/JavaVirtualMachines/jdk1.8.0_40.jdk/Contents/Home/jre/classes"/>
    <property name="sun.management.compiler" value="HotSpot 64-Bit Tiered Compilers"/>
    <property name="ftp.nonProxyHosts" value="192.168.0.0/16|*.192.168.0.0/16|10.0.0.0/8|*.10.0.0.0/8|172.16.0.0/12|*.172.16.0.0/12|127.0.0.1|localhost|*.localhost|local|*.local|timestamp.apple.com|*.timestamp.apple.com"/>
    <property name="java.runtime.version" value="1.8.0_40-b27"/>
    <property name="user.name" value="lixiang"/>
    <property name="path.separator" value=":"/>
    <property name="os.version" value="10.16"/>
    <property name="java.endorsed.dirs" value="/Library/Java/JavaVirtualMachines/jdk1.8.0_40.jdk/Contents/Home/jre/lib/endorsed"/>
    <property name="java.runtime.name" value="Java(TM) SE Runtime Environment"/>
    <property name="file.encoding" value="UTF-8"/>
    <property name="java.vm.name" value="Java HotSpot(TM) 64-Bit Server VM"/>
    <property name="idea.version2020.1" value="true"/>
    <property name="localRepository" value="/Users/lixiang/.m2/repository"/>
    <property name="java.vendor.url.bug" value="http://bugreport.sun.com/bugreport/"/>
    <property name="java.io.tmpdir" value="/var/folders/0n/lyxlfq6n0ng47cy5nx_17xmm0000gn/T/"/>
    <property name="java.version" value="1.8.0_40"/>
    <property name="user.dir" value="/Users/lixiang/IdeaProjects/e_commerce/taotao-manager/taotao-manager-pojo"/>
    <property name="os.arch" value="x86_64"/>
    <property name="socksProxyPort" value="7890"/>
    <property name="java.vm.specification.name" value="Java Virtual Machine Specification"/>
    <property name="java.awt.printerjob" value="sun.lwawt.macosx.CPrinterJob"/>
    <property name="sun.os.patch.level" value="unknown"/>
    <property name="java.library.path" value="/Users/lixiang/Library/Java/Extensions:/Library/Java/Extensions:/Network/Library/Java/Extensions:/System/Library/Java/Extensions:/usr/lib/java:."/>
    <property name="java.vm.info" value="mixed mode"/>
    <property name="java.vendor" value="Oracle Corporation"/>
    <property name="java.vm.version" value="25.40-b25"/>
    <property name="java.ext.dirs" value="/Users/lixiang/Library/Java/Extensions:/Library/Java/JavaVirtualMachines/jdk1.8.0_40.jdk/Contents/Home/jre/lib/ext:/Library/Java/Extensions:/Network/Library/Java/Extensions:/System/Library/Java/Extensions:/usr/lib/java"/>
    <property name="sun.io.unicode.encoding" value="UnicodeBig"/>
    <property name="java.class.version" value="52.0"/>
    <property name="socksNonProxyHosts" value="192.168.0.0/16|*.192.168.0.0/16|10.0.0.0/8|*.10.0.0.0/8|172.16.0.0/12|*.172.16.0.0/12|127.0.0.1|localhost|*.localhost|local|*.local|timestamp.apple.com|*.timestamp.apple.com"/>
    <property name="http.proxyPort" value="7890"/>
  </properties>
  <testcase name="shouldAnswerWithTrue" classname="top.lixiang007.AppTest" time="0.002"/>
</testsuite>